app/build/outputs/logs/manifest-merger-debug-report.txt
-- Merging decision tree log ---
manifest
ADDED from src/main/AndroidManifest.xml:2:1-77:12
	package
		ADDED from src/main/AndroidManifest.xml:3:5-41
		INJECTED from src/main/AndroidManifest.xml
		INJECTED from src/main/AndroidManifest.xml
	android:versionName
		ADDED from src/main/AndroidManifest.xml:5:5-30
		INJECTED from src/main/AndroidManifest.xml
		INJECTED from src/main/AndroidManifest.xml
	android:versionCode
		ADDED from src/main/AndroidManifest.xml:4:5-28
		INJECTED from src/main/AndroidManifest.xml
		INJECTED from src/main/AndroidManifest.xml
	xmlns:android
		ADDED from src/main/AndroidManifest.xml:2:11-69
uses-permission#android.permission.PROCESS_OUTGOING_CALLS
ADDED from src/main/AndroidManifest.xml:10:5-81
	android:name
		ADDED from src/main/AndroidManifest.xml:10:22-78
uses-permission#android.permission.READ_PHONE_STATE
ADDED from src/main/AndroidManifest.xml:11:5-75
	android:name
		ADDED from src/main/AndroidManifest.xml:11:22-72
uses-permission#android.permission.RECORD_AUDIO
ADDED from src/main/AndroidManifest.xml:12:5-71
	android:name
		ADDED from src/main/AndroidManifest.xml:12:22-68
uses-permission#android.permission.READ_EXTERNAL_STORAGE
ADDED from src/main/AndroidManifest.xml:13:5-80
	android:name
		ADDED from src/main/AndroidManifest.xml:13:22-77
uses-permission#android.permission.SYSTEM_ALERT_WINDOW
ADDED from src/main/AndroidManifest.xml:14:5-78
	android:name
		ADDED from src/main/AndroidManifest.xml:14:22-75
uses-permission#android.permission.WRITE_EXTERNAL_STORAGE
ADDED from src/main/AndroidManifest.xml:15:5-81
	android:name
		ADDED from src/main/AndroidManifest.xml:15:22-78
application
ADDED from src/main/AndroidManifest.xml:17:5-75:19
	android:label
		ADDED from src/main/AndroidManifest.xml:19:9-41
	android:icon
		ADDED from src/main/AndroidManifest.xml:18:9-51
	android:theme
		ADDED from src/main/AndroidManifest.xml:19:42-81
provider#com.webclues.callrecording.RecordingProvider
ADDED from src/main/AndroidManifest.xml:20:9-22:70
	android:authorities
		ADDED from src/main/AndroidManifest.xml:22:13-67
	android:name
		ADDED from src/main/AndroidManifest.xml:21:13-72
receiver#com.webclues.callrecording.CallReceiver
ADDED from src/main/AndroidManifest.xml:24:9-33:20
	android:enabled
		ADDED from src/main/AndroidManifest.xml:26:13-35
	android:exported
		ADDED from src/main/AndroidManifest.xml:27:13-36
	android:name
		ADDED from src/main/AndroidManifest.xml:25:13-67
intent-filter#android.intent.action.NEW_OUTGOING_CALL+android.intent.action.PHONE_STATE
ADDED from src/main/AndroidManifest.xml:28:13-32:29
action#android.intent.action.NEW_OUTGOING_CALL
ADDED from src/main/AndroidManifest.xml:29:17-82
	android:name
		ADDED from src/main/AndroidManifest.xml:29:25-79
action#android.intent.action.PHONE_STATE
ADDED from src/main/AndroidManifest.xml:30:17-76
	android:name
		ADDED from src/main/AndroidManifest.xml:30:25-73
activity#com.webclues.callrecording.CallRecorder
ADDED from src/main/AndroidManifest.xml:35:9-39:20
	android:label
		ADDED from src/main/AndroidManifest.xml:37:13-45
	android:theme
		ADDED from src/main/AndroidManifest.xml:38:13-52
	android:name
		ADDED from src/main/AndroidManifest.xml:36:13-67
activity#com.webclues.callrecording.SplashScreen
ADDED from src/main/AndroidManifest.xml:40:9-48:20
	android:theme
		ADDED from src/main/AndroidManifest.xml:42:13-66
	android:name
		ADDED from src/main/AndroidManifest.xml:41:13-67
intent-filter#android.intent.action.MAIN+android.intent.category.LAUNCHER
ADDED from src/main/AndroidManifest.xml:43:13-47:29
action#android.intent.action.MAIN
ADDED from src/main/AndroidManifest.xml:44:17-69
	android:name
		ADDED from src/main/AndroidManifest.xml:44:25-66
category#android.intent.category.LAUNCHER
ADDED from src/main/AndroidManifest.xml:46:17-77
	android:name
		ADDED from src/main/AndroidManifest.xml:46:27-74
activity#com.webclues.callrecording.CallLog
ADDED from src/main/AndroidManifest.xml:49:9-53:20
	android:label
		ADDED from src/main/AndroidManifest.xml:51:13-37
	android:theme
		ADDED from src/main/AndroidManifest.xml:52:13-52
	android:name
		ADDED from src/main/AndroidManifest.xml:50:13-62
activity#com.webclues.callrecording.CallPlayer
ADDED from src/main/AndroidManifest.xml:54:9-62:20
	android:label
		ADDED from src/main/AndroidManifest.xml:56:13-39
	android:name
		ADDED from src/main/AndroidManifest.xml:55:13-65
intent-filter#android.intent.action.VIEW
ADDED from src/main/AndroidManifest.xml:57:13-61:29
action#android.intent.action.VIEW
ADDED from src/main/AndroidManifest.xml:58:17-69
	android:name
		ADDED from src/main/AndroidManifest.xml:58:25-66
data
ADDED from src/main/AndroidManifest.xml:60:17-52
	android:mimeType
		ADDED from src/main/AndroidManifest.xml:60:23-49
activity#com.webclues.callrecording.Preferences
ADDED from src/main/AndroidManifest.xml:63:9-69:20
	android:theme
		ADDED from src/main/AndroidManifest.xml:65:13-52
	android:name
		ADDED from src/main/AndroidManifest.xml:64:13-66
intent-filter#com.talentcodeworks.callrecorder.ACTION_USER_PREFERENCE
ADDED from src/main/AndroidManifest.xml:66:13-68:29
action#com.talentcodeworks.callrecorder.ACTION_USER_PREFERENCE
ADDED from src/main/AndroidManifest.xml:67:17-98
	android:name
		ADDED from src/main/AndroidManifest.xml:67:25-95
service#com.webclues.callrecording.RecordService
ADDED from src/main/AndroidManifest.xml:71:9-72:19
	android:name
		ADDED from src/main/AndroidManifest.xml:71:18-73
service#com.webclues.callrecording.PlayService
ADDED from src/main/AndroidManifest.xml:73:9-74:19
	android:name
		ADDED from src/main/AndroidManifest.xml:73:18-71
uses-sdk
INJECTED from src/main/AndroidManifest.xml reason: use-sdk injection requested
	android:targetSdkVersion
		INJECTED from src/main/AndroidManifest.xml
		INJECTED from src/main/AndroidManifest.xml
	android:minSdkVersion
		INJECTED from src/main/AndroidManifest.xml
		INJECTED from src/main/AndroidManifest.xml